TN:
SF:D:\work\workspace\pocketjs\src\index.ts
FN:14,greeter
FNF:1
FNH:0
FNDA:0,greeter
DA:1,1
DA:3,1
DA:5,1
DA:6,1
DA:8,1
DA:9,1
DA:10,1
DA:11,1
DA:12,1
DA:14,1
DA:15,0
DA:18,1
LF:12
LH:11
BRF:0
BRH:0
end_of_record
TN:
SF:D:\work\workspace\pocketjs\src\test.ts
FN:7,(anonymous_6)
FN:8,(anonymous_8)
FN:13,(anonymous_9)
FN:14,(anonymous_11)
FNF:4
FNH:2
FNDA:1,(anonymous_6)
FNDA:0,(anonymous_8)
FNDA:1,(anonymous_9)
FNDA:0,(anonymous_11)
DA:1,1
DA:3,1
DA:5,1
DA:7,1
DA:8,1
DA:9,0
DA:11,1
DA:13,1
DA:14,1
DA:15,0
DA:17,1
LF:11
LH:9
BRF:0
BRH:0
end_of_record
